{"numFailedTestSuites":0,"numFailedTests":0,"numPassedTestSuites":1,"numPassedTests":10,"numPendingTestSuites":0,"numPendingTests":0,"numRuntimeErrorTestSuites":0,"numTodoTests":0,"numTotalTestSuites":1,"numTotalTests":10,"openHandles":[],"snapshot":{"added":0,"didUpdate":false,"failure":false,"filesAdded":0,"filesRemoved":0,"filesRemovedList":[],"filesUnmatched":0,"filesUpdated":0,"matched":0,"total":0,"unchecked":0,"uncheckedKeysByFile":[],"unmatched":0,"updated":0},"startTime":1657578085831,"success":true,"testResults":[{"assertionResults":[{"ancestorTitles":[],"duration":20,"failureMessages":[],"fullName":"add 3 and 5 to be 8","location":null,"status":"passed","title":"add 3 and 5 to be 8"},{"ancestorTitles":[],"duration":1,"failureMessages":[],"fullName":"sum values in array [3, 5, 10] to be 18","location":null,"status":"passed","title":"sum values in array [3, 5, 10] to be 18"},{"ancestorTitles":[],"duration":1,"failureMessages":[],"fullName":"add 3 to be 3","location":null,"status":"passed","title":"add 3 to be 3"},{"ancestorTitles":[],"duration":1,"failureMessages":[],"fullName":"add '3' and '5' to be '35'","location":null,"status":"passed","title":"add '3' and '5' to be '35'"},{"ancestorTitles":[],"duration":2,"failureMessages":[],"fullName":"avg of 3, 1 to be 2","location":null,"status":"passed","title":"avg of 3, 1 to be 2"},{"ancestorTitles":[],"duration":13,"failureMessages":[],"fullName":"avg of 6, 2, 1 to be 3","location":null,"status":"passed","title":"avg of 6, 2, 1 to be 3"},{"ancestorTitles":[],"duration":1,"failureMessages":[],"fullName":"avg of '2','1' to be 10.5","location":null,"status":"passed","title":"avg of '2','1' to be 10.5"},{"ancestorTitles":[],"duration":1,"failureMessages":[],"fullName":"avg of '21','a' to be NaN","location":null,"status":"passed","title":"avg of '21','a' to be NaN"},{"ancestorTitles":[],"duration":5,"failureMessages":[],"fullName":"median of 2, 3, 1 to be 2","location":null,"status":"passed","title":"median of 2, 3, 1 to be 2"},{"ancestorTitles":[],"duration":1,"failureMessages":[],"fullName":"median of 2, 2, 3, 1 to be 2","location":null,"status":"passed","title":"median of 2, 2, 3, 1 to be 2"}],"endTime":1657578092872,"message":"","name":"C:\\Users\\William Emil Abreu\\Desktop\\Intec\\11vo Trimestre\\Administracion de Configuracion Lab. (IDS328L)\\ids328-equipo-5\\tests\\math_utils.test.js","startTime":1657578086347,"status":"passed","summary":""}],"wasInterrupted":false}